<?xml version="1.0" encoding="UTF-8"?>
<testsuites name="HappyDayShopping" time="47.297" tests="1" failures="0" skips="0" errors="0">
   <testsuite name="HappyDayShopping" tests="1" failures="0" errors="0" time="47.297" skips="0" timestamp="2023-03-09 22:30:06" hostname="Pribadi - Pribadi" id="Test Suites/HappyDayShopping">
      <properties>
         <property name="deviceName" value="emulator-5554 (Android SDK built for x86 - Android 8.0.0)"/>
         <property name="devicePlatform" value=""/>
         <property name="logFolder" value="D:\\Pribadi\\Kelas QA\\Automation\\KatalonStudio\\EduApp\\Reports\\20230309_222959\\HappyDayShopping\\20230309_222959"/>
         <property name="logFiles" value="D:\\Pribadi\\Kelas QA\\Automation\\KatalonStudio\\EduApp\\Reports\\20230309_222959\\HappyDayShopping\\20230309_222959\\appium.log, D:\\Pribadi\\Kelas QA\\Automation\\KatalonStudio\\EduApp\\Reports\\20230309_222959\\HappyDayShopping\\20230309_222959\\execution0.log"/>
         <property name="attachments" value=""/>
         <property name="hostName" value="Pribadi - Pribadi"/>
         <property name="os" value="Windows 10 64bit"/>
         <property name="appiumServerStatus" value="{&quot;value&quot;:{&quot;build&quot;:{&quot;version&quot;:&quot;1.22.3&quot;}},&quot;sessionId&quot;:null,&quot;status&quot;:0}"/>
         <property name="katalonVersion" value="7.9.1.208"/>
         <property name="deviceOS" value="Android"/>
         <property name="appiumVersion" value="1.22.3"/>
         <property name="deviceModel" value="Android SDK built for x86"/>
         <property name="hostAddress" value="192.168.1.2"/>
         <property name="deviceManufacturer" value="Google"/>
         <property name="deviceId" value="emulator-5554"/>
         <property name="deviceName" value="emulator-5554 (Android SDK built for x86 - Android 8.0.0)"/>
         <property name="deviceOSVersion" value="8.0.0"/>
      </properties>
      <testcase name="Test Cases/Flash Sale/Flash Sale" time="46.528" classname="Test Cases/Flash Sale/Flash Sale" status="PASSED">
         <system-out><![CDATA[2023-03-09 22:30:07 - [TEST_CASE][PASSED] - Test Cases/Flash Sale/Flash Sale: Test Cases/Flash Sale/Flash Sale

2023-03-09 22:30:07 - [TEST_STEP][PASSED] - startApplication("D:\Pribadi\Kelas QA\Automation\KatalonStudio\EduApp\mobileapp\HappyDayShopping1.4.apk", true): Started app at: 'D:\Pribadi\Kelas QA\Automation\KatalonStudio\EduApp\mobileapp\HappyDayShopping1.4.apk'

2023-03-09 22:30:07 - [MESSAGE][INFO] - User set preference: ['appWaitActivity', '*']

2023-03-09 22:30:07 - [MESSAGE][INFO] - User set preference: ['deviceId', '']

2023-03-09 22:30:09 - [MESSAGE][INFO] - Appium server started on port 49,967

2023-03-09 22:30:23 - [MESSAGE][PASSED] - Started app at: 'D:\Pribadi\Kelas QA\Automation\KatalonStudio\EduApp\mobileapp\HappyDayShopping1.4.apk'

2023-03-09 22:30:23 - [TEST_STEP][PASSED] - delay(5, STOP_ON_FAILURE): Delayed 5 second(s)

2023-03-09 22:30:28 - [MESSAGE][PASSED] - Delayed 5 second(s)

2023-03-09 22:30:28 - [TEST_STEP][PASSED] - tap(findTestObject("Object Repository/Flash Sale/android.view.ViewGroup"), 0): Tapped on element 'Object Repository/Flash Sale/android.view.ViewGroup'

2023-03-09 22:30:28 - [MESSAGE][WARNING] - Timeout '0' is invalid. Using default page load timeout: '30'

2023-03-09 22:30:31 - [MESSAGE][PASSED] - Tapped on element 'Object Repository/Flash Sale/android.view.ViewGroup'

2023-03-09 22:30:31 - [TEST_STEP][PASSED] - tap(findTestObject("Object Repository/Flash Sale/android.view.ViewGroup (1)"), 0): Tapped on element 'Object Repository/Flash Sale/android.view.ViewGroup (1)'

2023-03-09 22:30:31 - [MESSAGE][WARNING] - Timeout '0' is invalid. Using default page load timeout: '30'

2023-03-09 22:30:35 - [MESSAGE][PASSED] - Tapped on element 'Object Repository/Flash Sale/android.view.ViewGroup (1)'

2023-03-09 22:30:35 - [TEST_STEP][PASSED] - setText(findTestObject("Object Repository/Flash Sale/android.widget.EditText - 1"), "5", 0): Text '5' has been set to element 'Object Repository/Flash Sale/android.widget.EditText - 1'

2023-03-09 22:30:35 - [MESSAGE][WARNING] - Timeout '0' is invalid. Using default page load timeout: '30'

2023-03-09 22:30:37 - [MESSAGE][PASSED] - Text '5' has been set to element 'Object Repository/Flash Sale/android.widget.EditText - 1'

2023-03-09 22:30:37 - [TEST_STEP][PASSED] - tap(findTestObject("Object Repository/Flash Sale/android.view.ViewGroup (2)"), 0): Tapped on element 'Object Repository/Flash Sale/android.view.ViewGroup (2)'

2023-03-09 22:30:37 - [MESSAGE][WARNING] - Timeout '0' is invalid. Using default page load timeout: '30'

2023-03-09 22:30:38 - [MESSAGE][PASSED] - Tapped on element 'Object Repository/Flash Sale/android.view.ViewGroup (2)'

2023-03-09 22:30:38 - [TEST_STEP][PASSED] - tap(findTestObject("Object Repository/Flash Sale/android.widget.ImageView"), 0): Tapped on element 'Object Repository/Flash Sale/android.widget.ImageView'

2023-03-09 22:30:38 - [MESSAGE][WARNING] - Timeout '0' is invalid. Using default page load timeout: '30'

2023-03-09 22:30:39 - [MESSAGE][PASSED] - Tapped on element 'Object Repository/Flash Sale/android.widget.ImageView'

2023-03-09 22:30:39 - [TEST_STEP][PASSED] - tap(findTestObject("Object Repository/Flash Sale/android.widget.TextView - Checkout"), 0): Tapped on element 'Object Repository/Flash Sale/android.widget.TextView - Checkout'

2023-03-09 22:30:39 - [MESSAGE][WARNING] - Timeout '0' is invalid. Using default page load timeout: '30'

2023-03-09 22:30:40 - [MESSAGE][PASSED] - Tapped on element 'Object Repository/Flash Sale/android.widget.TextView - Checkout'

2023-03-09 22:30:40 - [TEST_STEP][PASSED] - getText(findTestObject("Object Repository/Flash Sale/android.view.View - If you have any inquiries or updates pls whatsap us at 94617563."), 0): Text of element 'Object Repository/Flash Sale/android.view.View - If you have any inquiries or updates pls whatsap us at 94617563.' is: 'If you have any inquiries or updates pls whatsap us at 94617563. '

2023-03-09 22:30:40 - [MESSAGE][WARNING] - Timeout '0' is invalid. Using default page load timeout: '30'

2023-03-09 22:30:53 - [MESSAGE][PASSED] - Text of element 'Object Repository/Flash Sale/android.view.View - If you have any inquiries or updates pls whatsap us at 94617563.' is: 'If you have any inquiries or updates pls whatsap us at 94617563. '

2023-03-09 22:30:53 - [TEST_STEP][PASSED] - closeApplication(): Close app successfully

2023-03-09 22:30:54 - [MESSAGE][PASSED] - Close app successfully]]></system-out>
         <system-err><![CDATA[]]></system-err>
      </testcase>
      <system-out><![CDATA[2023-03-09 22:30:06 - [TEST_SUITE][PASSED] - HappyDayShopping: Test Cases/Flash Sale/Flash Sale]]></system-out>
      <system-err><![CDATA[]]></system-err>
   </testsuite>
</testsuites>
